2023-07-27T15:04:38.007+03:00  INFO 10408 --- [restartedMain] c.r.c.CategoryServiceApplication         : Starting CategoryServiceApplication using Java 17.0.7 with PID 10408 (C:\Users\melih\IdeaProjects\CaseStudy\category-service\target\classes started by melih in C:\Users\melih\IdeaProjects\CaseStudy\category-service)
2023-07-27T15:04:38.013+03:00  INFO 10408 --- [restartedMain] c.r.c.CategoryServiceApplication         : No active profile set, falling back to 1 default profile: "default"
2023-07-27T15:04:38.091+03:00  INFO 10408 --- [restartedMain] .e.DevToolsPropertyDefaultsPostProcessor : Devtools property defaults active! Set 'spring.devtools.add-properties' to 'false' to disable
2023-07-27T15:04:38.091+03:00  INFO 10408 --- [restartedMain] .e.DevToolsPropertyDefaultsPostProcessor : For additional web related logging consider setting the 'logging.level.web' property to 'DEBUG'
2023-07-27T15:04:39.563+03:00  INFO 10408 --- [restartedMain] .s.d.r.c.RepositoryConfigurationDelegate : Bootstrapping Spring Data JPA repositories in DEFAULT mode.
2023-07-27T15:04:39.725+03:00  INFO 10408 --- [restartedMain] .s.d.r.c.RepositoryConfigurationDelegate : Finished Spring Data repository scanning in 134 ms. Found 1 JPA repository interfaces.
2023-07-27T15:04:41.563+03:00  INFO 10408 --- [restartedMain] o.s.b.w.embedded.tomcat.TomcatWebServer  : Tomcat initialized with port(s): 8060 (http)
2023-07-27T15:04:41.597+03:00  INFO 10408 --- [restartedMain] o.apache.catalina.core.StandardService   : Starting service [Tomcat]
2023-07-27T15:04:41.598+03:00  INFO 10408 --- [restartedMain] o.apache.catalina.core.StandardEngine    : Starting Servlet engine: [Apache Tomcat/10.1.10]
2023-07-27T15:04:41.831+03:00  INFO 10408 --- [restartedMain] o.a.c.c.C.[Tomcat].[localhost].[/]       : Initializing Spring embedded WebApplicationContext
2023-07-27T15:04:41.836+03:00  INFO 10408 --- [restartedMain] w.s.c.ServletWebServerApplicationContext : Root WebApplicationContext: initialization completed in 3743 ms
2023-07-27T15:04:41.931+03:00  INFO 10408 --- [restartedMain] com.zaxxer.hikari.HikariDataSource       : HikariPool-1 - Starting...
2023-07-27T15:04:42.714+03:00  INFO 10408 --- [restartedMain] com.zaxxer.hikari.pool.HikariPool        : HikariPool-1 - Added connection conn0: url=jdbc:h2:file:./memory_persist/categoryDB user=ROOT
2023-07-27T15:04:42.720+03:00  INFO 10408 --- [restartedMain] com.zaxxer.hikari.HikariDataSource       : HikariPool-1 - Start completed.
2023-07-27T15:04:42.750+03:00  INFO 10408 --- [restartedMain] o.s.b.a.h2.H2ConsoleAutoConfiguration    : H2 console available at '/h2-console'. Database available at 'jdbc:h2:file:./memory_persist/categoryDB'
2023-07-27T15:04:43.175+03:00  INFO 10408 --- [restartedMain] o.hibernate.jpa.internal.util.LogHelper  : HHH000204: Processing PersistenceUnitInfo [name: default]
2023-07-27T15:04:43.370+03:00  INFO 10408 --- [restartedMain] org.hibernate.Version                    : HHH000412: Hibernate ORM core version 6.2.5.Final
2023-07-27T15:04:43.376+03:00  INFO 10408 --- [restartedMain] org.hibernate.cfg.Environment            : HHH000406: Using bytecode reflection optimizer
2023-07-27T15:04:43.889+03:00  INFO 10408 --- [restartedMain] o.h.b.i.BytecodeProviderInitiator        : HHH000021: Bytecode provider name : bytebuddy
2023-07-27T15:04:44.323+03:00  INFO 10408 --- [restartedMain] o.s.o.j.p.SpringPersistenceUnitInfo      : No LoadTimeWeaver setup: ignoring JPA class transformer
2023-07-27T15:04:44.839+03:00  INFO 10408 --- [restartedMain] o.h.b.i.BytecodeProviderInitiator        : HHH000021: Bytecode provider name : bytebuddy
2023-07-27T15:04:45.885+03:00  INFO 10408 --- [restartedMain] o.h.e.t.j.p.i.JtaPlatformInitiator       : HHH000490: Using JtaPlatform implementation: [org.hibernate.engine.transaction.jta.platform.internal.NoJtaPlatform]
2023-07-27T15:04:45.978+03:00  INFO 10408 --- [restartedMain] j.LocalContainerEntityManagerFactoryBean : Initialized JPA EntityManagerFactory for persistence unit 'default'
2023-07-27T15:04:46.624+03:00  WARN 10408 --- [restartedMain] JpaBaseConfiguration$JpaWebConfiguration : spring.jpa.open-in-view is enabled by default. Therefore, database queries may be performed during view rendering. Explicitly configure spring.jpa.open-in-view to disable this warning
2023-07-27T15:04:47.108+03:00  INFO 10408 --- [restartedMain] o.s.b.d.a.OptionalLiveReloadServer       : LiveReload server is running on port 35729
2023-07-27T15:04:47.175+03:00  INFO 10408 --- [restartedMain] o.s.b.w.embedded.tomcat.TomcatWebServer  : Tomcat started on port(s): 8060 (http) with context path ''
2023-07-27T15:04:47.189+03:00  INFO 10408 --- [restartedMain] c.r.c.CategoryServiceApplication         : Started CategoryServiceApplication in 9.901 seconds (process running for 11.599)
2023-07-27T15:10:17.729+03:00  INFO 10408 --- [http-nio-8060-exec-1] o.a.c.c.C.[Tomcat].[localhost].[/]       : Initializing Spring DispatcherServlet 'dispatcherServlet'
2023-07-27T15:10:17.730+03:00  INFO 10408 --- [http-nio-8060-exec-1] o.s.web.servlet.DispatcherServlet        : Initializing Servlet 'dispatcherServlet'
2023-07-27T15:10:17.731+03:00  INFO 10408 --- [http-nio-8060-exec-1] o.s.web.servlet.DispatcherServlet        : Completed initialization in 1 ms
2023-07-27T15:25:28.228+03:00  INFO 10408 --- [SpringApplicationShutdownHook] j.LocalContainerEntityManagerFactoryBean : Closing JPA EntityManagerFactory for persistence unit 'default'
2023-07-27T15:25:28.234+03:00  INFO 10408 --- [SpringApplicationShutdownHook] com.zaxxer.hikari.HikariDataSource       : HikariPool-1 - Shutdown initiated...
2023-07-27T15:25:28.237+03:00  INFO 10408 --- [SpringApplicationShutdownHook] com.zaxxer.hikari.HikariDataSource       : HikariPool-1 - Shutdown completed.
